Flow report for nios2
Sat Oct 26 13:20:23 2013
Quartus II Version 10.1 Build 153 11/29/2010 SJ Full Version


---------------------
; Table of Contents ;
---------------------
  1. Legal Notice
  2. Flow Summary
  3. Flow Settings
  4. Flow Non-Default Global Settings
  5. Flow Elapsed Time
  6. Flow OS Summary
  7. Flow Log



----------------
; Legal Notice ;
----------------
Copyright (C) 1991-2010 Altera Corporation
Your use of Altera Corporation's design tools, logic functions 
and other software and tools, and its AMPP partner logic 
functions, and any output files from any of the foregoing 
(including device programming or simulation files), and any 
associated documentation or information are expressly subject 
to the terms and conditions of the Altera Program License 
Subscription Agreement, Altera MegaCore Function License 
Agreement, or other applicable license agreement, including, 
without limitation, that your use is for the sole purpose of 
programming logic devices manufactured by Altera and sold by 
Altera or its authorized distributors.  Please refer to the 
applicable agreement for further details.



+--------------------------------------------------------------------------------+
; Flow Summary                                                                   ;
+------------------------------------+-------------------------------------------+
; Flow Status                        ; Successful - Sat Oct 26 13:20:08 2013     ;
; Quartus II Version                 ; 10.1 Build 153 11/29/2010 SJ Full Version ;
; Revision Name                      ; nios2                                     ;
; Top-level Entity Name              ; ProcLed                                   ;
; Family                             ; Cyclone III                               ;
; Device                             ; EP3C16F484C6                              ;
; Timing Models                      ; Final                                     ;
; Total logic elements               ; 6,362 / 15,408 ( 41 % )                   ;
;     Total combinational functions  ; 4,880 / 15,408 ( 32 % )                   ;
;     Dedicated logic registers      ; 4,178 / 15,408 ( 27 % )                   ;
; Total registers                    ; 4230                                      ;
; Total pins                         ; 104 / 347 ( 30 % )                        ;
; Total virtual pins                 ; 0                                         ;
; Total memory bits                  ; 309,376 / 516,096 ( 60 % )                ;
; Embedded Multiplier 9-bit elements ; 4 / 112 ( 4 % )                           ;
; Total PLLs                         ; 3 / 4 ( 75 % )                            ;
+------------------------------------+-------------------------------------------+


+-----------------------------------------+
; Flow Settings                           ;
+-------------------+---------------------+
; Option            ; Setting             ;
+-------------------+---------------------+
; Start date & time ; 10/26/2013 13:16:25 ;
; Main task         ; Compilation         ;
; Revision Name     ; nios2               ;
+-------------------+---------------------+


+----------------------------------------------------------------------------------------------------------------------------------------+
; Flow Non-Default Global Settings                                                                                                       ;
+-------------------------------------+---------------------------------------------------+---------------+-------------+----------------+
; Assignment Name                     ; Value                                             ; Default Value ; Entity Name ; Section Id     ;
+-------------------------------------+---------------------------------------------------+---------------+-------------+----------------+
; COMPILER_SIGNATURE_ID               ; 124183103997678.138278258500868                   ; --            ; --          ; --             ;
; CYCLONEII_OPTIMIZATION_TECHNIQUE    ; Speed                                             ; Balanced      ; --          ; --             ;
; IP_TOOL_NAME                        ; ALTPLL                                            ; --            ; --          ; --             ;
; IP_TOOL_NAME                        ; LPM_COUNTER                                       ; --            ; --          ; --             ;
; IP_TOOL_NAME                        ; ALTPLL                                            ; --            ; --          ; --             ;
; IP_TOOL_NAME                        ; LPM_COUNTER                                       ; --            ; --          ; --             ;
; IP_TOOL_NAME                        ; LPM_MUX                                           ; --            ; --          ; --             ;
; IP_TOOL_VERSION                     ; 10.1                                              ; --            ; --          ; --             ;
; IP_TOOL_VERSION                     ; 10.1                                              ; --            ; --          ; --             ;
; IP_TOOL_VERSION                     ; 10.1                                              ; --            ; --          ; --             ;
; IP_TOOL_VERSION                     ; 10.1                                              ; --            ; --          ; --             ;
; IP_TOOL_VERSION                     ; 10.1                                              ; --            ; --          ; --             ;
; MAX_CORE_JUNCTION_TEMP              ; 85                                                ; --            ; --          ; --             ;
; MIN_CORE_JUNCTION_TEMP              ; 0                                                 ; --            ; --          ; --             ;
; MISC_FILE                           ; C:/altera/Projects/nios2/nios2.dpf                ; --            ; --          ; --             ;
; MISC_FILE                           ; D:/Quartus/Projects/nios2/nios2.dpf               ; --            ; --          ; --             ;
; MISC_FILE                           ; altpll0.bsf                                       ; --            ; --          ; --             ;
; MISC_FILE                           ; altpll0.cmp                                       ; --            ; --          ; --             ;
; MISC_FILE                           ; altpll0.ppf                                       ; --            ; --          ; --             ;
; MISC_FILE                           ; lpm_counter1.bsf                                  ; --            ; --          ; --             ;
; MISC_FILE                           ; lpm_counter1.cmp                                  ; --            ; --          ; --             ;
; MISC_FILE                           ; D:/Quartus/nios2_vhdl_compound/nios2.dpf          ; --            ; --          ; --             ;
; MISC_FILE                           ; altpll1.bsf                                       ; --            ; --          ; --             ;
; MISC_FILE                           ; altpll1.cmp                                       ; --            ; --          ; --             ;
; MISC_FILE                           ; altpll1.ppf                                       ; --            ; --          ; --             ;
; MISC_FILE                           ; D:/Quartus/Projects/nios2_vhdl_compound/nios2.dpf ; --            ; --          ; --             ;
; MISC_FILE                           ; lpm_counter2.bsf                                  ; --            ; --          ; --             ;
; MISC_FILE                           ; lpm_counter2.cmp                                  ; --            ; --          ; --             ;
; MISC_FILE                           ; lpm_mux0.bsf                                      ; --            ; --          ; --             ;
; MISC_FILE                           ; lpm_mux0.cmp                                      ; --            ; --          ; --             ;
; OUTPUT_IO_TIMING_FAR_END_VMEAS      ; Half Signal Swing                                 ; --            ; --          ; --             ;
; OUTPUT_IO_TIMING_FAR_END_VMEAS      ; Half Signal Swing                                 ; --            ; --          ; --             ;
; OUTPUT_IO_TIMING_NEAR_END_VMEAS     ; Half Vccio                                        ; --            ; --          ; --             ;
; OUTPUT_IO_TIMING_NEAR_END_VMEAS     ; Half Vccio                                        ; --            ; --          ; --             ;
; PARTITION_COLOR                     ; 16764057                                          ; --            ; ProcLed     ; Top            ;
; PARTITION_FITTER_PRESERVATION_LEVEL ; PLACEMENT_AND_ROUTING                             ; --            ; ProcLed     ; Top            ;
; PARTITION_NETLIST_TYPE              ; SOURCE                                            ; --            ; ProcLed     ; Top            ;
; SEARCH_PATH                         ; ./                                                ; --            ; --          ; --             ;
; SEARCH_PATH                         ; ddr_sdram_controller-library/                     ; --            ; --          ; --             ;
; SOPC_BUILDER_SIGNATURE_ID           ; 4061868537040000013A0D1C27B2                      ; --            ; --          ; --             ;
; TOP_LEVEL_ENTITY                    ; ProcLed                                           ; nios2         ; --          ; --             ;
; USE_GENERATED_PHYSICAL_CONSTRAINTS  ; Off                                               ; --            ; --          ; eda_blast_fpga ;
+-------------------------------------+---------------------------------------------------+---------------+-------------+----------------+


+-------------------------------------------------------------------------------------------------------------------------------+
; Flow Elapsed Time                                                                                                             ;
+---------------------------+--------------+-------------------------+---------------------+------------------------------------+
; Module Name               ; Elapsed Time ; Average Processors Used ; Peak Virtual Memory ; Total CPU Time (on all processors) ;
+---------------------------+--------------+-------------------------+---------------------+------------------------------------+
; Analysis & Synthesis      ; 00:02:06     ; 1.0                     ; 374 MB              ; 00:01:49                           ;
; Fitter                    ; 00:01:05     ; 1.3                     ; 444 MB              ; 00:01:04                           ;
; Assembler                 ; 00:00:05     ; 1.0                     ; 248 MB              ; 00:00:04                           ;
; TimeQuest Timing Analyzer ; 00:00:20     ; 1.4                     ; 310 MB              ; 00:00:19                           ;
; Total                     ; 00:03:36     ; --                      ; --                  ; 00:03:16                           ;
+---------------------------+--------------+-------------------------+---------------------+------------------------------------+


+----------------------------------------------------------------------------------------+
; Flow OS Summary                                                                        ;
+---------------------------+------------------+-----------+------------+----------------+
; Module Name               ; Machine Hostname ; OS Name   ; OS Version ; Processor type ;
+---------------------------+------------------+-----------+------------+----------------+
; Analysis & Synthesis      ; PC               ; Windows 7 ; 6.1        ; i686           ;
; Fitter                    ; PC               ; Windows 7 ; 6.1        ; i686           ;
; Assembler                 ; PC               ; Windows 7 ; 6.1        ; i686           ;
; TimeQuest Timing Analyzer ; PC               ; Windows 7 ; 6.1        ; i686           ;
+---------------------------+------------------+-----------+------------+----------------+


------------
; Flow Log ;
------------
quartus_map --read_settings_files=on --write_settings_files=off nios2 -c nios2
quartus_fit --read_settings_files=off --write_settings_files=off nios2 -c nios2
quartus_asm --read_settings_files=off --write_settings_files=off nios2 -c nios2
quartus_sta nios2 -c nios2



